<?xml version="1.0" encoding="UTF-8"?>
<testsuite xmlns:xsi="http://www.w3.org/2001/XMLSchema-instance" xsi:noNamespaceSchemaLocation="https://maven.apache.org/surefire/maven-surefire-plugin/xsd/surefire-test-report-3.0.xsd" version="3.0" name="com.demo.student.StudentApplicationTests" time="8.909" tests="1" errors="0" skipped="0" failures="0">
  <properties>
    <property name="java.specification.version" value="21"/>
    <property name="sun.jnu.encoding" value="UTF-8"/>
    <property name="java.class.path" value="/Users/s.kumar.shivaswamyaccenture.com/Documents/Personal_K_Documents/student/target/test-classes:/Users/s.kumar.shivaswamyaccenture.com/Documents/Personal_K_Documents/student/target/classes:/Users/s.kumar.shivaswamyaccenture.com/.m2/repository/org/springframework/boot/spring-boot-starter-actuator/3.2.3/spring-boot-starter-actuator-3.2.3.jar:/Users/s.kumar.shivaswamyaccenture.com/.m2/repository/org/springframework/boot/spring-boot-starter/3.2.3/spring-boot-starter-3.2.3.jar:/Users/s.kumar.shivaswamyaccenture.com/.m2/repository/org/springframework/boot/spring-boot-starter-logging/3.2.3/spring-boot-starter-logging-3.2.3.jar:/Users/s.kumar.shivaswamyaccenture.com/.m2/repository/ch/qos/logback/logback-classic/1.4.14/logback-classic-1.4.14.jar:/Users/s.kumar.shivaswamyaccenture.com/.m2/repository/ch/qos/logback/logback-core/1.4.14/logback-core-1.4.14.jar:/Users/s.kumar.shivaswamyaccenture.com/.m2/repository/org/apache/logging/log4j/log4j-to-slf4j/2.21.1/log4j-to-slf4j-2.21.1.jar:/Users/s.kumar.shivaswamyaccenture.com/.m2/repository/org/apache/logging/log4j/log4j-api/2.21.1/log4j-api-2.21.1.jar:/Users/s.kumar.shivaswamyaccenture.com/.m2/repository/org/slf4j/jul-to-slf4j/2.0.12/jul-to-slf4j-2.0.12.jar:/Users/s.kumar.shivaswamyaccenture.com/.m2/repository/org/yaml/snakeyaml/2.2/snakeyaml-2.2.jar:/Users/s.kumar.shivaswamyaccenture.com/.m2/repository/org/springframework/boot/spring-boot-actuator-autoconfigure/3.2.3/spring-boot-actuator-autoconfigure-3.2.3.jar:/Users/s.kumar.shivaswamyaccenture.com/.m2/repository/org/springframework/boot/spring-boot-actuator/3.2.3/spring-boot-actuator-3.2.3.jar:/Users/s.kumar.shivaswamyaccenture.com/.m2/repository/com/fasterxml/jackson/core/jackson-databind/2.15.4/jackson-databind-2.15.4.jar:/Users/s.kumar.shivaswamyaccenture.com/.m2/repository/com/fasterxml/jackson/core/jackson-annotations/2.15.4/jackson-annotations-2.15.4.jar:/Users/s.kumar.shivaswamyaccenture.com/.m2/repository/com/fasterxml/jackson/core/jackson-core/2.15.4/jackson-core-2.15.4.jar:/Users/s.kumar.shivaswamyaccenture.com/.m2/repository/com/fasterxml/jackson/datatype/jackson-datatype-jsr310/2.15.4/jackson-datatype-jsr310-2.15.4.jar:/Users/s.kumar.shivaswamyaccenture.com/.m2/repository/io/micrometer/micrometer-observation/1.12.3/micrometer-observation-1.12.3.jar:/Users/s.kumar.shivaswamyaccenture.com/.m2/repository/io/micrometer/micrometer-commons/1.12.3/micrometer-commons-1.12.3.jar:/Users/s.kumar.shivaswamyaccenture.com/.m2/repository/io/micrometer/micrometer-jakarta9/1.12.3/micrometer-jakarta9-1.12.3.jar:/Users/s.kumar.shivaswamyaccenture.com/.m2/repository/io/micrometer/micrometer-core/1.12.3/micrometer-core-1.12.3.jar:/Users/s.kumar.shivaswamyaccenture.com/.m2/repository/org/hdrhistogram/HdrHistogram/2.1.12/HdrHistogram-2.1.12.jar:/Users/s.kumar.shivaswamyaccenture.com/.m2/repository/org/latencyutils/LatencyUtils/2.0.3/LatencyUtils-2.0.3.jar:/Users/s.kumar.shivaswamyaccenture.com/.m2/repository/org/springframework/boot/spring-boot-starter-web/3.2.3/spring-boot-starter-web-3.2.3.jar:/Users/s.kumar.shivaswamyaccenture.com/.m2/repository/org/springframework/boot/spring-boot-starter-json/3.2.3/spring-boot-starter-json-3.2.3.jar:/Users/s.kumar.shivaswamyaccenture.com/.m2/repository/com/fasterxml/jackson/datatype/jackson-datatype-jdk8/2.15.4/jackson-datatype-jdk8-2.15.4.jar:/Users/s.kumar.shivaswamyaccenture.com/.m2/repository/com/fasterxml/jackson/module/jackson-module-parameter-names/2.15.4/jackson-module-parameter-names-2.15.4.jar:/Users/s.kumar.shivaswamyaccenture.com/.m2/repository/org/springframework/spring-web/6.1.4/spring-web-6.1.4.jar:/Users/s.kumar.shivaswamyaccenture.com/.m2/repository/org/springframework/spring-beans/6.1.4/spring-beans-6.1.4.jar:/Users/s.kumar.shivaswamyaccenture.com/.m2/repository/org/springframework/spring-webmvc/6.1.4/spring-webmvc-6.1.4.jar:/Users/s.kumar.shivaswamyaccenture.com/.m2/repository/org/springframework/spring-aop/6.1.4/spring-aop-6.1.4.jar:/Users/s.kumar.shivaswamyaccenture.com/.m2/repository/org/springframework/spring-context/6.1.4/spring-context-6.1.4.jar:/Users/s.kumar.shivaswamyaccenture.com/.m2/repository/org/springframework/spring-expression/6.1.4/spring-expression-6.1.4.jar:/Users/s.kumar.shivaswamyaccenture.com/.m2/repository/org/springframework/boot/spring-boot-starter-data-jpa/3.2.3/spring-boot-starter-data-jpa-3.2.3.jar:/Users/s.kumar.shivaswamyaccenture.com/.m2/repository/org/springframework/boot/spring-boot-starter-aop/3.2.3/spring-boot-starter-aop-3.2.3.jar:/Users/s.kumar.shivaswamyaccenture.com/.m2/repository/org/aspectj/aspectjweaver/1.9.21/aspectjweaver-1.9.21.jar:/Users/s.kumar.shivaswamyaccenture.com/.m2/repository/org/springframework/boot/spring-boot-starter-jdbc/3.2.3/spring-boot-starter-jdbc-3.2.3.jar:/Users/s.kumar.shivaswamyaccenture.com/.m2/repository/com/zaxxer/HikariCP/5.0.1/HikariCP-5.0.1.jar:/Users/s.kumar.shivaswamyaccenture.com/.m2/repository/org/springframework/spring-jdbc/6.1.4/spring-jdbc-6.1.4.jar:/Users/s.kumar.shivaswamyaccenture.com/.m2/repository/org/hibernate/orm/hibernate-core/6.4.4.Final/hibernate-core-6.4.4.Final.jar:/Users/s.kumar.shivaswamyaccenture.com/.m2/repository/jakarta/persistence/jakarta.persistence-api/3.1.0/jakarta.persistence-api-3.1.0.jar:/Users/s.kumar.shivaswamyaccenture.com/.m2/repository/jakarta/transaction/jakarta.transaction-api/2.0.1/jakarta.transaction-api-2.0.1.jar:/Users/s.kumar.shivaswamyaccenture.com/.m2/repository/org/jboss/logging/jboss-logging/3.5.3.Final/jboss-logging-3.5.3.Final.jar:/Users/s.kumar.shivaswamyaccenture.com/.m2/repository/org/hibernate/common/hibernate-commons-annotations/6.0.6.Final/hibernate-commons-annotations-6.0.6.Final.jar:/Users/s.kumar.shivaswamyaccenture.com/.m2/repository/io/smallrye/jandex/3.1.2/jandex-3.1.2.jar:/Users/s.kumar.shivaswamyaccenture.com/.m2/repository/com/fasterxml/classmate/1.6.0/classmate-1.6.0.jar:/Users/s.kumar.shivaswamyaccenture.com/.m2/repository/net/bytebuddy/byte-buddy/1.14.12/byte-buddy-1.14.12.jar:/Users/s.kumar.shivaswamyaccenture.com/.m2/repository/org/glassfish/jaxb/jaxb-runtime/4.0.4/jaxb-runtime-4.0.4.jar:/Users/s.kumar.shivaswamyaccenture.com/.m2/repository/org/glassfish/jaxb/jaxb-core/4.0.4/jaxb-core-4.0.4.jar:/Users/s.kumar.shivaswamyaccenture.com/.m2/repository/org/eclipse/angus/angus-activation/2.0.1/angus-activation-2.0.1.jar:/Users/s.kumar.shivaswamyaccenture.com/.m2/repository/org/glassfish/jaxb/txw2/4.0.4/txw2-4.0.4.jar:/Users/s.kumar.shivaswamyaccenture.com/.m2/repository/com/sun/istack/istack-commons-runtime/4.1.2/istack-commons-runtime-4.1.2.jar:/Users/s.kumar.shivaswamyaccenture.com/.m2/repository/jakarta/inject/jakarta.inject-api/2.0.1/jakarta.inject-api-2.0.1.jar:/Users/s.kumar.shivaswamyaccenture.com/.m2/repository/org/antlr/antlr4-runtime/4.13.0/antlr4-runtime-4.13.0.jar:/Users/s.kumar.shivaswamyaccenture.com/.m2/repository/org/springframework/data/spring-data-jpa/3.2.3/spring-data-jpa-3.2.3.jar:/Users/s.kumar.shivaswamyaccenture.com/.m2/repository/org/springframework/data/spring-data-commons/3.2.3/spring-data-commons-3.2.3.jar:/Users/s.kumar.shivaswamyaccenture.com/.m2/repository/org/springframework/spring-orm/6.1.4/spring-orm-6.1.4.jar:/Users/s.kumar.shivaswamyaccenture.com/.m2/repository/org/springframework/spring-tx/6.1.4/spring-tx-6.1.4.jar:/Users/s.kumar.shivaswamyaccenture.com/.m2/repository/org/slf4j/slf4j-api/2.0.12/slf4j-api-2.0.12.jar:/Users/s.kumar.shivaswamyaccenture.com/.m2/repository/org/springframework/spring-aspects/6.1.4/spring-aspects-6.1.4.jar:/Users/s.kumar.shivaswamyaccenture.com/.m2/repository/com/mysql/mysql-connector-j/8.0.33/mysql-connector-j-8.0.33.jar:/Users/s.kumar.shivaswamyaccenture.com/.m2/repository/org/springframework/boot/spring-boot-devtools/3.2.3/spring-boot-devtools-3.2.3.jar:/Users/s.kumar.shivaswamyaccenture.com/.m2/repository/org/springframework/boot/spring-boot/3.2.3/spring-boot-3.2.3.jar:/Users/s.kumar.shivaswamyaccenture.com/.m2/repository/org/springframework/boot/spring-boot-autoconfigure/3.2.3/spring-boot-autoconfigure-3.2.3.jar:/Users/s.kumar.shivaswamyaccenture.com/.m2/repository/org/projectlombok/lombok/1.18.30/lombok-1.18.30.jar:/Users/s.kumar.shivaswamyaccenture.com/.m2/repository/org/springframework/boot/spring-boot-starter-tomcat/3.2.3/spring-boot-starter-tomcat-3.2.3.jar:/Users/s.kumar.shivaswamyaccenture.com/.m2/repository/jakarta/annotation/jakarta.annotation-api/2.1.1/jakarta.annotation-api-2.1.1.jar:/Users/s.kumar.shivaswamyaccenture.com/.m2/repository/org/apache/tomcat/embed/tomcat-embed-core/10.1.19/tomcat-embed-core-10.1.19.jar:/Users/s.kumar.shivaswamyaccenture.com/.m2/repository/org/apache/tomcat/embed/tomcat-embed-el/10.1.19/tomcat-embed-el-10.1.19.jar:/Users/s.kumar.shivaswamyaccenture.com/.m2/repository/org/apache/tomcat/embed/tomcat-embed-websocket/10.1.19/tomcat-embed-websocket-10.1.19.jar:/Users/s.kumar.shivaswamyaccenture.com/.m2/repository/org/springframework/boot/spring-boot-starter-test/3.2.3/spring-boot-starter-test-3.2.3.jar:/Users/s.kumar.shivaswamyaccenture.com/.m2/repository/org/springframework/boot/spring-boot-test/3.2.3/spring-boot-test-3.2.3.jar:/Users/s.kumar.shivaswamyaccenture.com/.m2/repository/org/springframework/boot/spring-boot-test-autoconfigure/3.2.3/spring-boot-test-autoconfigure-3.2.3.jar:/Users/s.kumar.shivaswamyaccenture.com/.m2/repository/com/jayway/jsonpath/json-path/2.9.0/json-path-2.9.0.jar:/Users/s.kumar.shivaswamyaccenture.com/.m2/repository/jakarta/xml/bind/jakarta.xml.bind-api/4.0.1/jakarta.xml.bind-api-4.0.1.jar:/Users/s.kumar.shivaswamyaccenture.com/.m2/repository/jakarta/activation/jakarta.activation-api/2.1.2/jakarta.activation-api-2.1.2.jar:/Users/s.kumar.shivaswamyaccenture.com/.m2/repository/net/minidev/json-smart/2.5.0/json-smart-2.5.0.jar:/Users/s.kumar.shivaswamyaccenture.com/.m2/repository/net/minidev/accessors-smart/2.5.0/accessors-smart-2.5.0.jar:/Users/s.kumar.shivaswamyaccenture.com/.m2/repository/org/ow2/asm/asm/9.3/asm-9.3.jar:/Users/s.kumar.shivaswamyaccenture.com/.m2/repository/org/assertj/assertj-core/3.24.2/assertj-core-3.24.2.jar:/Users/s.kumar.shivaswamyaccenture.com/.m2/repository/org/awaitility/awaitility/4.2.0/awaitility-4.2.0.jar:/Users/s.kumar.shivaswamyaccenture.com/.m2/repository/org/hamcrest/hamcrest/2.2/hamcrest-2.2.jar:/Users/s.kumar.shivaswamyaccenture.com/.m2/repository/org/junit/jupiter/junit-jupiter/5.10.2/junit-jupiter-5.10.2.jar:/Users/s.kumar.shivaswamyaccenture.com/.m2/repository/org/junit/jupiter/junit-jupiter-api/5.10.2/junit-jupiter-api-5.10.2.jar:/Users/s.kumar.shivaswamyaccenture.com/.m2/repository/org/opentest4j/opentest4j/1.3.0/opentest4j-1.3.0.jar:/Users/s.kumar.shivaswamyaccenture.com/.m2/repository/org/junit/platform/junit-platform-commons/1.10.2/junit-platform-commons-1.10.2.jar:/Users/s.kumar.shivaswamyaccenture.com/.m2/repository/org/apiguardian/apiguardian-api/1.1.2/apiguardian-api-1.1.2.jar:/Users/s.kumar.shivaswamyaccenture.com/.m2/repository/org/junit/jupiter/junit-jupiter-params/5.10.2/junit-jupiter-params-5.10.2.jar:/Users/s.kumar.shivaswamyaccenture.com/.m2/repository/org/junit/jupiter/junit-jupiter-engine/5.10.2/junit-jupiter-engine-5.10.2.jar:/Users/s.kumar.shivaswamyaccenture.com/.m2/repository/org/junit/platform/junit-platform-engine/1.10.2/junit-platform-engine-1.10.2.jar:/Users/s.kumar.shivaswamyaccenture.com/.m2/repository/org/mockito/mockito-core/5.7.0/mockito-core-5.7.0.jar:/Users/s.kumar.shivaswamyaccenture.com/.m2/repository/net/bytebuddy/byte-buddy-agent/1.14.12/byte-buddy-agent-1.14.12.jar:/Users/s.kumar.shivaswamyaccenture.com/.m2/repository/org/objenesis/objenesis/3.3/objenesis-3.3.jar:/Users/s.kumar.shivaswamyaccenture.com/.m2/repository/org/mockito/mockito-junit-jupiter/5.7.0/mockito-junit-jupiter-5.7.0.jar:/Users/s.kumar.shivaswamyaccenture.com/.m2/repository/org/skyscreamer/jsonassert/1.5.1/jsonassert-1.5.1.jar:/Users/s.kumar.shivaswamyaccenture.com/.m2/repository/com/vaadin/external/google/android-json/0.0.20131108.vaadin1/android-json-0.0.20131108.vaadin1.jar:/Users/s.kumar.shivaswamyaccenture.com/.m2/repository/org/springframework/spring-core/6.1.4/spring-core-6.1.4.jar:/Users/s.kumar.shivaswamyaccenture.com/.m2/repository/org/springframework/spring-jcl/6.1.4/spring-jcl-6.1.4.jar:/Users/s.kumar.shivaswamyaccenture.com/.m2/repository/org/springframework/spring-test/6.1.4/spring-test-6.1.4.jar:/Users/s.kumar.shivaswamyaccenture.com/.m2/repository/org/xmlunit/xmlunit-core/2.9.1/xmlunit-core-2.9.1.jar:/Users/s.kumar.shivaswamyaccenture.com/.m2/repository/org/springframework/boot/spring-boot-starter-webflux/3.3.2/spring-boot-starter-webflux-3.3.2.jar:/Users/s.kumar.shivaswamyaccenture.com/.m2/repository/org/springframework/boot/spring-boot-starter-reactor-netty/3.2.3/spring-boot-starter-reactor-netty-3.2.3.jar:/Users/s.kumar.shivaswamyaccenture.com/.m2/repository/io/projectreactor/netty/reactor-netty-http/1.1.16/reactor-netty-http-1.1.16.jar:/Users/s.kumar.shivaswamyaccenture.com/.m2/repository/io/netty/netty-codec-http/4.1.107.Final/netty-codec-http-4.1.107.Final.jar:/Users/s.kumar.shivaswamyaccenture.com/.m2/repository/io/netty/netty-common/4.1.107.Final/netty-common-4.1.107.Final.jar:/Users/s.kumar.shivaswamyaccenture.com/.m2/repository/io/netty/netty-buffer/4.1.107.Final/netty-buffer-4.1.107.Final.jar:/Users/s.kumar.shivaswamyaccenture.com/.m2/repository/io/netty/netty-transport/4.1.107.Final/netty-transport-4.1.107.Final.jar:/Users/s.kumar.shivaswamyaccenture.com/.m2/repository/io/netty/netty-codec/4.1.107.Final/netty-codec-4.1.107.Final.jar:/Users/s.kumar.shivaswamyaccenture.com/.m2/repository/io/netty/netty-handler/4.1.107.Final/netty-handler-4.1.107.Final.jar:/Users/s.kumar.shivaswamyaccenture.com/.m2/repository/io/netty/netty-codec-http2/4.1.107.Final/netty-codec-http2-4.1.107.Final.jar:/Users/s.kumar.shivaswamyaccenture.com/.m2/repository/io/netty/netty-resolver-dns/4.1.107.Final/netty-resolver-dns-4.1.107.Final.jar:/Users/s.kumar.shivaswamyaccenture.com/.m2/repository/io/netty/netty-resolver/4.1.107.Final/netty-resolver-4.1.107.Final.jar:/Users/s.kumar.shivaswamyaccenture.com/.m2/repository/io/netty/netty-codec-dns/4.1.107.Final/netty-codec-dns-4.1.107.Final.jar:/Users/s.kumar.shivaswamyaccenture.com/.m2/repository/io/netty/netty-resolver-dns-native-macos/4.1.107.Final/netty-resolver-dns-native-macos-4.1.107.Final-osx-x86_64.jar:/Users/s.kumar.shivaswamyaccenture.com/.m2/repository/io/netty/netty-resolver-dns-classes-macos/4.1.107.Final/netty-resolver-dns-classes-macos-4.1.107.Final.jar:/Users/s.kumar.shivaswamyaccenture.com/.m2/repository/io/netty/netty-transport-native-epoll/4.1.107.Final/netty-transport-native-epoll-4.1.107.Final-linux-x86_64.jar:/Users/s.kumar.shivaswamyaccenture.com/.m2/repository/io/netty/netty-transport-native-unix-common/4.1.107.Final/netty-transport-native-unix-common-4.1.107.Final.jar:/Users/s.kumar.shivaswamyaccenture.com/.m2/repository/io/netty/netty-transport-classes-epoll/4.1.107.Final/netty-transport-classes-epoll-4.1.107.Final.jar:/Users/s.kumar.shivaswamyaccenture.com/.m2/repository/io/projectreactor/netty/reactor-netty-core/1.1.16/reactor-netty-core-1.1.16.jar:/Users/s.kumar.shivaswamyaccenture.com/.m2/repository/io/netty/netty-handler-proxy/4.1.107.Final/netty-handler-proxy-4.1.107.Final.jar:/Users/s.kumar.shivaswamyaccenture.com/.m2/repository/io/netty/netty-codec-socks/4.1.107.Final/netty-codec-socks-4.1.107.Final.jar:/Users/s.kumar.shivaswamyaccenture.com/.m2/repository/org/springframework/spring-webflux/6.1.4/spring-webflux-6.1.4.jar:/Users/s.kumar.shivaswamyaccenture.com/.m2/repository/io/projectreactor/reactor-core/3.6.3/reactor-core-3.6.3.jar:/Users/s.kumar.shivaswamyaccenture.com/.m2/repository/org/reactivestreams/reactive-streams/1.0.4/reactive-streams-1.0.4.jar:/Users/s.kumar.shivaswamyaccenture.com/.m2/repository/org/springframework/boot/spring-boot-starter-data-jdbc/3.2.3/spring-boot-starter-data-jdbc-3.2.3.jar:/Users/s.kumar.shivaswamyaccenture.com/.m2/repository/org/springframework/data/spring-data-jdbc/3.2.3/spring-data-jdbc-3.2.3.jar:/Users/s.kumar.shivaswamyaccenture.com/.m2/repository/org/springframework/data/spring-data-relational/3.2.3/spring-data-relational-3.2.3.jar:/Users/s.kumar.shivaswamyaccenture.com/.m2/repository/com/github/jsqlparser/jsqlparser/4.6/jsqlparser-4.6.jar:/Users/s.kumar.shivaswamyaccenture.com/.m2/repository/com/google/code/gson/gson/2.11.0/gson-2.11.0.jar:/Users/s.kumar.shivaswamyaccenture.com/.m2/repository/com/google/errorprone/error_prone_annotations/2.27.0/error_prone_annotations-2.27.0.jar:"/>
    <property name="java.vm.vendor" value="Homebrew"/>
    <property name="sun.arch.data.model" value="64"/>
    <property name="java.vendor.url" value="https://github.com/Homebrew/homebrew-core/issues"/>
    <property name="user.timezone" value="Asia/Kolkata"/>
    <property name="org.jboss.logging.provider" value="slf4j"/>
    <property name="os.name" value="Mac OS X"/>
    <property name="java.vm.specification.version" value="21"/>
    <property name="sun.java.launcher" value="SUN_STANDARD"/>
    <property name="user.country" value="GB"/>
    <property name="sun.boot.library.path" value="/usr/local/Cellar/openjdk/21.0.2/libexec/openjdk.jdk/Contents/Home/lib"/>
    <property name="sun.java.command" value="/Users/s.kumar.shivaswamyaccenture.com/Documents/Personal_K_Documents/student/target/surefire/surefirebooter-20240724134057220_3.jar /Users/s.kumar.shivaswamyaccenture.com/Documents/Personal_K_Documents/student/target/surefire 2024-07-24T13-40-54_947-jvmRun1 surefire-20240724134057220_1tmp surefire_0-20240724134057220_2tmp"/>
    <property name="http.nonProxyHosts" value="https://casper-jss.accenture.com|*.https://casper-jss.accenture.com"/>
    <property name="jdk.debug" value="release"/>
    <property name="surefire.test.class.path" value="/Users/s.kumar.shivaswamyaccenture.com/Documents/Personal_K_Documents/student/target/test-classes:/Users/s.kumar.shivaswamyaccenture.com/Documents/Personal_K_Documents/student/target/classes:/Users/s.kumar.shivaswamyaccenture.com/.m2/repository/org/springframework/boot/spring-boot-starter-actuator/3.2.3/spring-boot-starter-actuator-3.2.3.jar:/Users/s.kumar.shivaswamyaccenture.com/.m2/repository/org/springframework/boot/spring-boot-starter/3.2.3/spring-boot-starter-3.2.3.jar:/Users/s.kumar.shivaswamyaccenture.com/.m2/repository/org/springframework/boot/spring-boot-starter-logging/3.2.3/spring-boot-starter-logging-3.2.3.jar:/Users/s.kumar.shivaswamyaccenture.com/.m2/repository/ch/qos/logback/logback-classic/1.4.14/logback-classic-1.4.14.jar:/Users/s.kumar.shivaswamyaccenture.com/.m2/repository/ch/qos/logback/logback-core/1.4.14/logback-core-1.4.14.jar:/Users/s.kumar.shivaswamyaccenture.com/.m2/repository/org/apache/logging/log4j/log4j-to-slf4j/2.21.1/log4j-to-slf4j-2.21.1.jar:/Users/s.kumar.shivaswamyaccenture.com/.m2/repository/org/apache/logging/log4j/log4j-api/2.21.1/log4j-api-2.21.1.jar:/Users/s.kumar.shivaswamyaccenture.com/.m2/repository/org/slf4j/jul-to-slf4j/2.0.12/jul-to-slf4j-2.0.12.jar:/Users/s.kumar.shivaswamyaccenture.com/.m2/repository/org/yaml/snakeyaml/2.2/snakeyaml-2.2.jar:/Users/s.kumar.shivaswamyaccenture.com/.m2/repository/org/springframework/boot/spring-boot-actuator-autoconfigure/3.2.3/spring-boot-actuator-autoconfigure-3.2.3.jar:/Users/s.kumar.shivaswamyaccenture.com/.m2/repository/org/springframework/boot/spring-boot-actuator/3.2.3/spring-boot-actuator-3.2.3.jar:/Users/s.kumar.shivaswamyaccenture.com/.m2/repository/com/fasterxml/jackson/core/jackson-databind/2.15.4/jackson-databind-2.15.4.jar:/Users/s.kumar.shivaswamyaccenture.com/.m2/repository/com/fasterxml/jackson/core/jackson-annotations/2.15.4/jackson-annotations-2.15.4.jar:/Users/s.kumar.shivaswamyaccenture.com/.m2/repository/com/fasterxml/jackson/core/jackson-core/2.15.4/jackson-core-2.15.4.jar:/Users/s.kumar.shivaswamyaccenture.com/.m2/repository/com/fasterxml/jackson/datatype/jackson-datatype-jsr310/2.15.4/jackson-datatype-jsr310-2.15.4.jar:/Users/s.kumar.shivaswamyaccenture.com/.m2/repository/io/micrometer/micrometer-observation/1.12.3/micrometer-observation-1.12.3.jar:/Users/s.kumar.shivaswamyaccenture.com/.m2/repository/io/micrometer/micrometer-commons/1.12.3/micrometer-commons-1.12.3.jar:/Users/s.kumar.shivaswamyaccenture.com/.m2/repository/io/micrometer/micrometer-jakarta9/1.12.3/micrometer-jakarta9-1.12.3.jar:/Users/s.kumar.shivaswamyaccenture.com/.m2/repository/io/micrometer/micrometer-core/1.12.3/micrometer-core-1.12.3.jar:/Users/s.kumar.shivaswamyaccenture.com/.m2/repository/org/hdrhistogram/HdrHistogram/2.1.12/HdrHistogram-2.1.12.jar:/Users/s.kumar.shivaswamyaccenture.com/.m2/repository/org/latencyutils/LatencyUtils/2.0.3/LatencyUtils-2.0.3.jar:/Users/s.kumar.shivaswamyaccenture.com/.m2/repository/org/springframework/boot/spring-boot-starter-web/3.2.3/spring-boot-starter-web-3.2.3.jar:/Users/s.kumar.shivaswamyaccenture.com/.m2/repository/org/springframework/boot/spring-boot-starter-json/3.2.3/spring-boot-starter-json-3.2.3.jar:/Users/s.kumar.shivaswamyaccenture.com/.m2/repository/com/fasterxml/jackson/datatype/jackson-datatype-jdk8/2.15.4/jackson-datatype-jdk8-2.15.4.jar:/Users/s.kumar.shivaswamyaccenture.com/.m2/repository/com/fasterxml/jackson/module/jackson-module-parameter-names/2.15.4/jackson-module-parameter-names-2.15.4.jar:/Users/s.kumar.shivaswamyaccenture.com/.m2/repository/org/springframework/spring-web/6.1.4/spring-web-6.1.4.jar:/Users/s.kumar.shivaswamyaccenture.com/.m2/repository/org/springframework/spring-beans/6.1.4/spring-beans-6.1.4.jar:/Users/s.kumar.shivaswamyaccenture.com/.m2/repository/org/springframework/spring-webmvc/6.1.4/spring-webmvc-6.1.4.jar:/Users/s.kumar.shivaswamyaccenture.com/.m2/repository/org/springframework/spring-aop/6.1.4/spring-aop-6.1.4.jar:/Users/s.kumar.shivaswamyaccenture.com/.m2/repository/org/springframework/spring-context/6.1.4/spring-context-6.1.4.jar:/Users/s.kumar.shivaswamyaccenture.com/.m2/repository/org/springframework/spring-expression/6.1.4/spring-expression-6.1.4.jar:/Users/s.kumar.shivaswamyaccenture.com/.m2/repository/org/springframework/boot/spring-boot-starter-data-jpa/3.2.3/spring-boot-starter-data-jpa-3.2.3.jar:/Users/s.kumar.shivaswamyaccenture.com/.m2/repository/org/springframework/boot/spring-boot-starter-aop/3.2.3/spring-boot-starter-aop-3.2.3.jar:/Users/s.kumar.shivaswamyaccenture.com/.m2/repository/org/aspectj/aspectjweaver/1.9.21/aspectjweaver-1.9.21.jar:/Users/s.kumar.shivaswamyaccenture.com/.m2/repository/org/springframework/boot/spring-boot-starter-jdbc/3.2.3/spring-boot-starter-jdbc-3.2.3.jar:/Users/s.kumar.shivaswamyaccenture.com/.m2/repository/com/zaxxer/HikariCP/5.0.1/HikariCP-5.0.1.jar:/Users/s.kumar.shivaswamyaccenture.com/.m2/repository/org/springframework/spring-jdbc/6.1.4/spring-jdbc-6.1.4.jar:/Users/s.kumar.shivaswamyaccenture.com/.m2/repository/org/hibernate/orm/hibernate-core/6.4.4.Final/hibernate-core-6.4.4.Final.jar:/Users/s.kumar.shivaswamyaccenture.com/.m2/repository/jakarta/persistence/jakarta.persistence-api/3.1.0/jakarta.persistence-api-3.1.0.jar:/Users/s.kumar.shivaswamyaccenture.com/.m2/repository/jakarta/transaction/jakarta.transaction-api/2.0.1/jakarta.transaction-api-2.0.1.jar:/Users/s.kumar.shivaswamyaccenture.com/.m2/repository/org/jboss/logging/jboss-logging/3.5.3.Final/jboss-logging-3.5.3.Final.jar:/Users/s.kumar.shivaswamyaccenture.com/.m2/repository/org/hibernate/common/hibernate-commons-annotations/6.0.6.Final/hibernate-commons-annotations-6.0.6.Final.jar:/Users/s.kumar.shivaswamyaccenture.com/.m2/repository/io/smallrye/jandex/3.1.2/jandex-3.1.2.jar:/Users/s.kumar.shivaswamyaccenture.com/.m2/repository/com/fasterxml/classmate/1.6.0/classmate-1.6.0.jar:/Users/s.kumar.shivaswamyaccenture.com/.m2/repository/net/bytebuddy/byte-buddy/1.14.12/byte-buddy-1.14.12.jar:/Users/s.kumar.shivaswamyaccenture.com/.m2/repository/org/glassfish/jaxb/jaxb-runtime/4.0.4/jaxb-runtime-4.0.4.jar:/Users/s.kumar.shivaswamyaccenture.com/.m2/repository/org/glassfish/jaxb/jaxb-core/4.0.4/jaxb-core-4.0.4.jar:/Users/s.kumar.shivaswamyaccenture.com/.m2/repository/org/eclipse/angus/angus-activation/2.0.1/angus-activation-2.0.1.jar:/Users/s.kumar.shivaswamyaccenture.com/.m2/repository/org/glassfish/jaxb/txw2/4.0.4/txw2-4.0.4.jar:/Users/s.kumar.shivaswamyaccenture.com/.m2/repository/com/sun/istack/istack-commons-runtime/4.1.2/istack-commons-runtime-4.1.2.jar:/Users/s.kumar.shivaswamyaccenture.com/.m2/repository/jakarta/inject/jakarta.inject-api/2.0.1/jakarta.inject-api-2.0.1.jar:/Users/s.kumar.shivaswamyaccenture.com/.m2/repository/org/antlr/antlr4-runtime/4.13.0/antlr4-runtime-4.13.0.jar:/Users/s.kumar.shivaswamyaccenture.com/.m2/repository/org/springframework/data/spring-data-jpa/3.2.3/spring-data-jpa-3.2.3.jar:/Users/s.kumar.shivaswamyaccenture.com/.m2/repository/org/springframework/data/spring-data-commons/3.2.3/spring-data-commons-3.2.3.jar:/Users/s.kumar.shivaswamyaccenture.com/.m2/repository/org/springframework/spring-orm/6.1.4/spring-orm-6.1.4.jar:/Users/s.kumar.shivaswamyaccenture.com/.m2/repository/org/springframework/spring-tx/6.1.4/spring-tx-6.1.4.jar:/Users/s.kumar.shivaswamyaccenture.com/.m2/repository/org/slf4j/slf4j-api/2.0.12/slf4j-api-2.0.12.jar:/Users/s.kumar.shivaswamyaccenture.com/.m2/repository/org/springframework/spring-aspects/6.1.4/spring-aspects-6.1.4.jar:/Users/s.kumar.shivaswamyaccenture.com/.m2/repository/com/mysql/mysql-connector-j/8.0.33/mysql-connector-j-8.0.33.jar:/Users/s.kumar.shivaswamyaccenture.com/.m2/repository/org/springframework/boot/spring-boot-devtools/3.2.3/spring-boot-devtools-3.2.3.jar:/Users/s.kumar.shivaswamyaccenture.com/.m2/repository/org/springframework/boot/spring-boot/3.2.3/spring-boot-3.2.3.jar:/Users/s.kumar.shivaswamyaccenture.com/.m2/repository/org/springframework/boot/spring-boot-autoconfigure/3.2.3/spring-boot-autoconfigure-3.2.3.jar:/Users/s.kumar.shivaswamyaccenture.com/.m2/repository/org/projectlombok/lombok/1.18.30/lombok-1.18.30.jar:/Users/s.kumar.shivaswamyaccenture.com/.m2/repository/org/springframework/boot/spring-boot-starter-tomcat/3.2.3/spring-boot-starter-tomcat-3.2.3.jar:/Users/s.kumar.shivaswamyaccenture.com/.m2/repository/jakarta/annotation/jakarta.annotation-api/2.1.1/jakarta.annotation-api-2.1.1.jar:/Users/s.kumar.shivaswamyaccenture.com/.m2/repository/org/apache/tomcat/embed/tomcat-embed-core/10.1.19/tomcat-embed-core-10.1.19.jar:/Users/s.kumar.shivaswamyaccenture.com/.m2/repository/org/apache/tomcat/embed/tomcat-embed-el/10.1.19/tomcat-embed-el-10.1.19.jar:/Users/s.kumar.shivaswamyaccenture.com/.m2/repository/org/apache/tomcat/embed/tomcat-embed-websocket/10.1.19/tomcat-embed-websocket-10.1.19.jar:/Users/s.kumar.shivaswamyaccenture.com/.m2/repository/org/springframework/boot/spring-boot-starter-test/3.2.3/spring-boot-starter-test-3.2.3.jar:/Users/s.kumar.shivaswamyaccenture.com/.m2/repository/org/springframework/boot/spring-boot-test/3.2.3/spring-boot-test-3.2.3.jar:/Users/s.kumar.shivaswamyaccenture.com/.m2/repository/org/springframework/boot/spring-boot-test-autoconfigure/3.2.3/spring-boot-test-autoconfigure-3.2.3.jar:/Users/s.kumar.shivaswamyaccenture.com/.m2/repository/com/jayway/jsonpath/json-path/2.9.0/json-path-2.9.0.jar:/Users/s.kumar.shivaswamyaccenture.com/.m2/repository/jakarta/xml/bind/jakarta.xml.bind-api/4.0.1/jakarta.xml.bind-api-4.0.1.jar:/Users/s.kumar.shivaswamyaccenture.com/.m2/repository/jakarta/activation/jakarta.activation-api/2.1.2/jakarta.activation-api-2.1.2.jar:/Users/s.kumar.shivaswamyaccenture.com/.m2/repository/net/minidev/json-smart/2.5.0/json-smart-2.5.0.jar:/Users/s.kumar.shivaswamyaccenture.com/.m2/repository/net/minidev/accessors-smart/2.5.0/accessors-smart-2.5.0.jar:/Users/s.kumar.shivaswamyaccenture.com/.m2/repository/org/ow2/asm/asm/9.3/asm-9.3.jar:/Users/s.kumar.shivaswamyaccenture.com/.m2/repository/org/assertj/assertj-core/3.24.2/assertj-core-3.24.2.jar:/Users/s.kumar.shivaswamyaccenture.com/.m2/repository/org/awaitility/awaitility/4.2.0/awaitility-4.2.0.jar:/Users/s.kumar.shivaswamyaccenture.com/.m2/repository/org/hamcrest/hamcrest/2.2/hamcrest-2.2.jar:/Users/s.kumar.shivaswamyaccenture.com/.m2/repository/org/junit/jupiter/junit-jupiter/5.10.2/junit-jupiter-5.10.2.jar:/Users/s.kumar.shivaswamyaccenture.com/.m2/repository/org/junit/jupiter/junit-jupiter-api/5.10.2/junit-jupiter-api-5.10.2.jar:/Users/s.kumar.shivaswamyaccenture.com/.m2/repository/org/opentest4j/opentest4j/1.3.0/opentest4j-1.3.0.jar:/Users/s.kumar.shivaswamyaccenture.com/.m2/repository/org/junit/platform/junit-platform-commons/1.10.2/junit-platform-commons-1.10.2.jar:/Users/s.kumar.shivaswamyaccenture.com/.m2/repository/org/apiguardian/apiguardian-api/1.1.2/apiguardian-api-1.1.2.jar:/Users/s.kumar.shivaswamyaccenture.com/.m2/repository/org/junit/jupiter/junit-jupiter-params/5.10.2/junit-jupiter-params-5.10.2.jar:/Users/s.kumar.shivaswamyaccenture.com/.m2/repository/org/junit/jupiter/junit-jupiter-engine/5.10.2/junit-jupiter-engine-5.10.2.jar:/Users/s.kumar.shivaswamyaccenture.com/.m2/repository/org/junit/platform/junit-platform-engine/1.10.2/junit-platform-engine-1.10.2.jar:/Users/s.kumar.shivaswamyaccenture.com/.m2/repository/org/mockito/mockito-core/5.7.0/mockito-core-5.7.0.jar:/Users/s.kumar.shivaswamyaccenture.com/.m2/repository/net/bytebuddy/byte-buddy-agent/1.14.12/byte-buddy-agent-1.14.12.jar:/Users/s.kumar.shivaswamyaccenture.com/.m2/repository/org/objenesis/objenesis/3.3/objenesis-3.3.jar:/Users/s.kumar.shivaswamyaccenture.com/.m2/repository/org/mockito/mockito-junit-jupiter/5.7.0/mockito-junit-jupiter-5.7.0.jar:/Users/s.kumar.shivaswamyaccenture.com/.m2/repository/org/skyscreamer/jsonassert/1.5.1/jsonassert-1.5.1.jar:/Users/s.kumar.shivaswamyaccenture.com/.m2/repository/com/vaadin/external/google/android-json/0.0.20131108.vaadin1/android-json-0.0.20131108.vaadin1.jar:/Users/s.kumar.shivaswamyaccenture.com/.m2/repository/org/springframework/spring-core/6.1.4/spring-core-6.1.4.jar:/Users/s.kumar.shivaswamyaccenture.com/.m2/repository/org/springframework/spring-jcl/6.1.4/spring-jcl-6.1.4.jar:/Users/s.kumar.shivaswamyaccenture.com/.m2/repository/org/springframework/spring-test/6.1.4/spring-test-6.1.4.jar:/Users/s.kumar.shivaswamyaccenture.com/.m2/repository/org/xmlunit/xmlunit-core/2.9.1/xmlunit-core-2.9.1.jar:/Users/s.kumar.shivaswamyaccenture.com/.m2/repository/org/springframework/boot/spring-boot-starter-webflux/3.3.2/spring-boot-starter-webflux-3.3.2.jar:/Users/s.kumar.shivaswamyaccenture.com/.m2/repository/org/springframework/boot/spring-boot-starter-reactor-netty/3.2.3/spring-boot-starter-reactor-netty-3.2.3.jar:/Users/s.kumar.shivaswamyaccenture.com/.m2/repository/io/projectreactor/netty/reactor-netty-http/1.1.16/reactor-netty-http-1.1.16.jar:/Users/s.kumar.shivaswamyaccenture.com/.m2/repository/io/netty/netty-codec-http/4.1.107.Final/netty-codec-http-4.1.107.Final.jar:/Users/s.kumar.shivaswamyaccenture.com/.m2/repository/io/netty/netty-common/4.1.107.Final/netty-common-4.1.107.Final.jar:/Users/s.kumar.shivaswamyaccenture.com/.m2/repository/io/netty/netty-buffer/4.1.107.Final/netty-buffer-4.1.107.Final.jar:/Users/s.kumar.shivaswamyaccenture.com/.m2/repository/io/netty/netty-transport/4.1.107.Final/netty-transport-4.1.107.Final.jar:/Users/s.kumar.shivaswamyaccenture.com/.m2/repository/io/netty/netty-codec/4.1.107.Final/netty-codec-4.1.107.Final.jar:/Users/s.kumar.shivaswamyaccenture.com/.m2/repository/io/netty/netty-handler/4.1.107.Final/netty-handler-4.1.107.Final.jar:/Users/s.kumar.shivaswamyaccenture.com/.m2/repository/io/netty/netty-codec-http2/4.1.107.Final/netty-codec-http2-4.1.107.Final.jar:/Users/s.kumar.shivaswamyaccenture.com/.m2/repository/io/netty/netty-resolver-dns/4.1.107.Final/netty-resolver-dns-4.1.107.Final.jar:/Users/s.kumar.shivaswamyaccenture.com/.m2/repository/io/netty/netty-resolver/4.1.107.Final/netty-resolver-4.1.107.Final.jar:/Users/s.kumar.shivaswamyaccenture.com/.m2/repository/io/netty/netty-codec-dns/4.1.107.Final/netty-codec-dns-4.1.107.Final.jar:/Users/s.kumar.shivaswamyaccenture.com/.m2/repository/io/netty/netty-resolver-dns-native-macos/4.1.107.Final/netty-resolver-dns-native-macos-4.1.107.Final-osx-x86_64.jar:/Users/s.kumar.shivaswamyaccenture.com/.m2/repository/io/netty/netty-resolver-dns-classes-macos/4.1.107.Final/netty-resolver-dns-classes-macos-4.1.107.Final.jar:/Users/s.kumar.shivaswamyaccenture.com/.m2/repository/io/netty/netty-transport-native-epoll/4.1.107.Final/netty-transport-native-epoll-4.1.107.Final-linux-x86_64.jar:/Users/s.kumar.shivaswamyaccenture.com/.m2/repository/io/netty/netty-transport-native-unix-common/4.1.107.Final/netty-transport-native-unix-common-4.1.107.Final.jar:/Users/s.kumar.shivaswamyaccenture.com/.m2/repository/io/netty/netty-transport-classes-epoll/4.1.107.Final/netty-transport-classes-epoll-4.1.107.Final.jar:/Users/s.kumar.shivaswamyaccenture.com/.m2/repository/io/projectreactor/netty/reactor-netty-core/1.1.16/reactor-netty-core-1.1.16.jar:/Users/s.kumar.shivaswamyaccenture.com/.m2/repository/io/netty/netty-handler-proxy/4.1.107.Final/netty-handler-proxy-4.1.107.Final.jar:/Users/s.kumar.shivaswamyaccenture.com/.m2/repository/io/netty/netty-codec-socks/4.1.107.Final/netty-codec-socks-4.1.107.Final.jar:/Users/s.kumar.shivaswamyaccenture.com/.m2/repository/org/springframework/spring-webflux/6.1.4/spring-webflux-6.1.4.jar:/Users/s.kumar.shivaswamyaccenture.com/.m2/repository/io/projectreactor/reactor-core/3.6.3/reactor-core-3.6.3.jar:/Users/s.kumar.shivaswamyaccenture.com/.m2/repository/org/reactivestreams/reactive-streams/1.0.4/reactive-streams-1.0.4.jar:/Users/s.kumar.shivaswamyaccenture.com/.m2/repository/org/springframework/boot/spring-boot-starter-data-jdbc/3.2.3/spring-boot-starter-data-jdbc-3.2.3.jar:/Users/s.kumar.shivaswamyaccenture.com/.m2/repository/org/springframework/data/spring-data-jdbc/3.2.3/spring-data-jdbc-3.2.3.jar:/Users/s.kumar.shivaswamyaccenture.com/.m2/repository/org/springframework/data/spring-data-relational/3.2.3/spring-data-relational-3.2.3.jar:/Users/s.kumar.shivaswamyaccenture.com/.m2/repository/com/github/jsqlparser/jsqlparser/4.6/jsqlparser-4.6.jar:/Users/s.kumar.shivaswamyaccenture.com/.m2/repository/com/google/code/gson/gson/2.11.0/gson-2.11.0.jar:/Users/s.kumar.shivaswamyaccenture.com/.m2/repository/com/google/errorprone/error_prone_annotations/2.27.0/error_prone_annotations-2.27.0.jar:"/>
    <property name="sun.cpu.endian" value="little"/>
    <property name="user.home" value="/Users/s.kumar.shivaswamyaccenture.com"/>
    <property name="user.language" value="en"/>
    <property name="java.specification.vendor" value="Oracle Corporation"/>
    <property name="java.version.date" value="2024-01-16"/>
    <property name="java.home" value="/usr/local/Cellar/openjdk/21.0.2/libexec/openjdk.jdk/Contents/Home"/>
    <property name="file.separator" value="/"/>
    <property name="basedir" value="/Users/s.kumar.shivaswamyaccenture.com/Documents/Personal_K_Documents/student"/>
    <property name="java.vm.compressedOopsMode" value="Zero based"/>
    <property name="line.separator" value="&#10;"/>
    <property name="java.vm.specification.vendor" value="Oracle Corporation"/>
    <property name="java.specification.name" value="Java Platform API Specification"/>
    <property name="FILE_LOG_CHARSET" value="UTF-8"/>
    <property name="java.awt.headless" value="true"/>
    <property name="apple.awt.application.name" value="ForkedBooter"/>
    <property name="surefire.real.class.path" value="/Users/s.kumar.shivaswamyaccenture.com/Documents/Personal_K_Documents/student/target/surefire/surefirebooter-20240724134057220_3.jar"/>
    <property name="sun.management.compiler" value="HotSpot 64-Bit Tiered Compilers"/>
    <property name="ftp.nonProxyHosts" value="https://casper-jss.accenture.com|*.https://casper-jss.accenture.com"/>
    <property name="java.runtime.version" value="21.0.2"/>
    <property name="user.name" value="s.kumar.shivaswamyaccenture.com"/>
    <property name="stdout.encoding" value="UTF-8"/>
    <property name="path.separator" value=":"/>
    <property name="os.version" value="14.5"/>
    <property name="java.runtime.name" value="OpenJDK Runtime Environment"/>
    <property name="file.encoding" value="UTF-8"/>
    <property name="java.vm.name" value="OpenJDK 64-Bit Server VM"/>
    <property name="java.vendor.version" value="Homebrew"/>
    <property name="localRepository" value="/Users/s.kumar.shivaswamyaccenture.com/.m2/repository"/>
    <property name="java.vendor.url.bug" value="https://github.com/Homebrew/homebrew-core/issues"/>
    <property name="java.io.tmpdir" value="/var/folders/q8/st185g1x5xzfgy_k_w38wdtw0000gp/T/"/>
    <property name="com.zaxxer.hikari.pool_number" value="1"/>
    <property name="java.version" value="21.0.2"/>
    <property name="user.dir" value="/Users/s.kumar.shivaswamyaccenture.com/Documents/Personal_K_Documents/student"/>
    <property name="os.arch" value="x86_64"/>
    <property name="java.vm.specification.name" value="Java Virtual Machine Specification"/>
    <property name="PID" value="33278"/>
    <property name="CONSOLE_LOG_CHARSET" value="UTF-8"/>
    <property name="native.encoding" value="UTF-8"/>
    <property name="java.library.path" value="/Users/s.kumar.shivaswamyaccenture.com/Library/Java/Extensions:/Library/Java/Extensions:/Network/Library/Java/Extensions:/System/Library/Java/Extensions:/usr/lib/java:."/>
    <property name="java.vm.info" value="mixed mode, sharing"/>
    <property name="stderr.encoding" value="UTF-8"/>
    <property name="java.vendor" value="Homebrew"/>
    <property name="java.vm.version" value="21.0.2"/>
    <property name="sun.io.unicode.encoding" value="UnicodeBig"/>
    <property name="socksNonProxyHosts" value="https://casper-jss.accenture.com|*.https://casper-jss.accenture.com"/>
    <property name="java.class.version" value="65.0"/>
    <property name="LOGGED_APPLICATION_NAME" value="[student] "/>
  </properties>
  <testcase name="contextLoads" classname="com.demo.student.StudentApplicationTests" time="0.656">
    <system-out><![CDATA[13:40:58.418 [main] INFO org.springframework.test.context.support.AnnotationConfigContextLoaderUtils -- Could not detect default configuration classes for test class [com.demo.student.StudentApplicationTests]: StudentApplicationTests does not declare any static, non-private, non-final, nested classes annotated with @Configuration.
13:40:58.560 [main] INFO org.springframework.boot.test.context.SpringBootTestContextBootstrapper -- Found @SpringBootConfiguration com.demo.student.StudentApplication for test class com.demo.student.StudentApplicationTests
13:40:58.788 [main] INFO org.springframework.boot.devtools.restart.RestartApplicationListener -- Restart disabled due to context in which it is running

  .   ____          _            __ _ _
 /\\ / ___'_ __ _ _(_)_ __  __ _ \ \ \ \
( ( )\___ | '_ | '_| | '_ \/ _` | \ \ \ \
 \\/  ___)| |_)| | | | | || (_| |  ) ) ) )
  '  |____| .__|_| |_|_| |_\__, | / / / /
 =========|_|==============|___/=/_/_/_/
 :: Spring Boot ::                (v3.2.3)

2024-07-24T13:40:59.171+05:30  INFO 33278 --- [student] [           main] c.demo.student.StudentApplicationTests   : Starting StudentApplicationTests using Java 21.0.2 with PID 33278 (started by s.kumar.shivaswamyaccenture.com in /Users/s.kumar.shivaswamyaccenture.com/Documents/Personal_K_Documents/student)
2024-07-24T13:40:59.173+05:30  INFO 33278 --- [student] [           main] c.demo.student.StudentApplicationTests   : No active profile set, falling back to 1 default profile: "default"
2024-07-24T13:41:00.493+05:30  INFO 33278 --- [student] [           main] .s.d.r.c.RepositoryConfigurationDelegate : Multiple Spring Data modules found, entering strict repository configuration mode
2024-07-24T13:41:00.495+05:30  INFO 33278 --- [student] [           main] .s.d.r.c.RepositoryConfigurationDelegate : Bootstrapping Spring Data JDBC repositories in DEFAULT mode.
2024-07-24T13:41:00.585+05:30  INFO 33278 --- [student] [           main] .RepositoryConfigurationExtensionSupport : Spring Data JDBC - Could not safely identify store assignment for repository candidate interface com.demo.student.repository.StudentRepository; If you want this repository to be a JDBC repository, consider annotating your entities with one of these annotations: org.springframework.data.relational.core.mapping.Table.
2024-07-24T13:41:00.586+05:30  INFO 33278 --- [student] [           main] .s.d.r.c.RepositoryConfigurationDelegate : Finished Spring Data repository scanning in 84 ms. Found 0 JDBC repository interfaces.
2024-07-24T13:41:00.599+05:30  INFO 33278 --- [student] [           main] .s.d.r.c.RepositoryConfigurationDelegate : Multiple Spring Data modules found, entering strict repository configuration mode
2024-07-24T13:41:00.601+05:30  INFO 33278 --- [student] [           main] .s.d.r.c.RepositoryConfigurationDelegate : Bootstrapping Spring Data JPA repositories in DEFAULT mode.
2024-07-24T13:41:00.792+05:30  INFO 33278 --- [student] [           main] .s.d.r.c.RepositoryConfigurationDelegate : Finished Spring Data repository scanning in 184 ms. Found 1 JPA repository interface.
2024-07-24T13:41:01.698+05:30  INFO 33278 --- [student] [           main] o.hibernate.jpa.internal.util.LogHelper  : HHH000204: Processing PersistenceUnitInfo [name: default]
2024-07-24T13:41:01.814+05:30  INFO 33278 --- [student] [           main] org.hibernate.Version                    : HHH000412: Hibernate ORM core version 6.4.4.Final
2024-07-24T13:41:01.867+05:30  INFO 33278 --- [student] [           main] o.h.c.internal.RegionFactoryInitiator    : HHH000026: Second-level cache disabled
2024-07-24T13:41:02.004+05:30 DEBUG 33278 --- [student] [           main] org.hibernate.type.BasicTypeRegistry     : Adding type registration boolean -> org.hibernate.type.BasicTypeReference@59a2d756
2024-07-24T13:41:02.004+05:30 DEBUG 33278 --- [student] [           main] org.hibernate.type.BasicTypeRegistry     : Adding type registration boolean -> org.hibernate.type.BasicTypeReference@59a2d756
2024-07-24T13:41:02.005+05:30 DEBUG 33278 --- [student] [           main] org.hibernate.type.BasicTypeRegistry     : Adding type registration java.lang.Boolean -> org.hibernate.type.BasicTypeReference@59a2d756
2024-07-24T13:41:02.005+05:30 DEBUG 33278 --- [student] [           main] org.hibernate.type.BasicTypeRegistry     : Adding type registration numeric_boolean -> org.hibernate.type.BasicTypeReference@165d1d54
2024-07-24T13:41:02.005+05:30 DEBUG 33278 --- [student] [           main] org.hibernate.type.BasicTypeRegistry     : Adding type registration org.hibernate.type.NumericBooleanConverter -> org.hibernate.type.BasicTypeReference@165d1d54
2024-07-24T13:41:02.005+05:30 DEBUG 33278 --- [student] [           main] org.hibernate.type.BasicTypeRegistry     : Adding type registration true_false -> org.hibernate.type.BasicTypeReference@4be12f6c
2024-07-24T13:41:02.005+05:30 DEBUG 33278 --- [student] [           main] org.hibernate.type.BasicTypeRegistry     : Adding type registration org.hibernate.type.TrueFalseConverter -> org.hibernate.type.BasicTypeReference@4be12f6c
2024-07-24T13:41:02.006+05:30 DEBUG 33278 --- [student] [           main] org.hibernate.type.BasicTypeRegistry     : Adding type registration yes_no -> org.hibernate.type.BasicTypeReference@52cb52bd
2024-07-24T13:41:02.006+05:30 DEBUG 33278 --- [student] [           main] org.hibernate.type.BasicTypeRegistry     : Adding type registration org.hibernate.type.YesNoConverter -> org.hibernate.type.BasicTypeReference@52cb52bd
2024-07-24T13:41:02.006+05:30 DEBUG 33278 --- [student] [           main] org.hibernate.type.BasicTypeRegistry     : Adding type registration byte -> org.hibernate.type.BasicTypeReference@1d1c37d5
2024-07-24T13:41:02.006+05:30 DEBUG 33278 --- [student] [           main] org.hibernate.type.BasicTypeRegistry     : Adding type registration byte -> org.hibernate.type.BasicTypeReference@1d1c37d5
2024-07-24T13:41:02.007+05:30 DEBUG 33278 --- [student] [           main] org.hibernate.type.BasicTypeRegistry     : Adding type registration java.lang.Byte -> org.hibernate.type.BasicTypeReference@1d1c37d5
2024-07-24T13:41:02.007+05:30 DEBUG 33278 --- [student] [           main] org.hibernate.type.BasicTypeRegistry     : Adding type registration binary -> org.hibernate.type.BasicTypeReference@63553e9f
2024-07-24T13:41:02.007+05:30 DEBUG 33278 --- [student] [           main] org.hibernate.type.BasicTypeRegistry     : Adding type registration byte[] -> org.hibernate.type.BasicTypeReference@63553e9f
2024-07-24T13:41:02.008+05:30 DEBUG 33278 --- [student] [           main] org.hibernate.type.BasicTypeRegistry     : Adding type registration [B -> org.hibernate.type.BasicTypeReference@63553e9f
2024-07-24T13:41:02.008+05:30 DEBUG 33278 --- [student] [           main] org.hibernate.type.BasicTypeRegistry     : Adding type registration binary_wrapper -> org.hibernate.type.BasicTypeReference@218df7d6
2024-07-24T13:41:02.008+05:30 DEBUG 33278 --- [student] [           main] org.hibernate.type.BasicTypeRegistry     : Adding type registration wrapper-binary -> org.hibernate.type.BasicTypeReference@218df7d6
2024-07-24T13:41:02.008+05:30 DEBUG 33278 --- [student] [           main] org.hibernate.type.BasicTypeRegistry     : Adding type registration image -> org.hibernate.type.BasicTypeReference@295b07e0
2024-07-24T13:41:02.009+05:30 DEBUG 33278 --- [student] [           main] org.hibernate.type.BasicTypeRegistry     : Adding type registration blob -> org.hibernate.type.BasicTypeReference@55053f81
2024-07-24T13:41:02.009+05:30 DEBUG 33278 --- [student] [           main] org.hibernate.type.BasicTypeRegistry     : Adding type registration java.sql.Blob -> org.hibernate.type.BasicTypeReference@55053f81
2024-07-24T13:41:02.009+05:30 DEBUG 33278 --- [student] [           main] org.hibernate.type.BasicTypeRegistry     : Adding type registration materialized_blob -> org.hibernate.type.BasicTypeReference@1fee4278
2024-07-24T13:41:02.009+05:30 DEBUG 33278 --- [student] [           main] org.hibernate.type.BasicTypeRegistry     : Adding type registration materialized_blob_wrapper -> org.hibernate.type.BasicTypeReference@51132514
2024-07-24T13:41:02.010+05:30 DEBUG 33278 --- [student] [           main] org.hibernate.type.BasicTypeRegistry     : Adding type registration short -> org.hibernate.type.BasicTypeReference@20864cd1
2024-07-24T13:41:02.010+05:30 DEBUG 33278 --- [student] [           main] org.hibernate.type.BasicTypeRegistry     : Adding type registration short -> org.hibernate.type.BasicTypeReference@20864cd1
2024-07-24T13:41:02.010+05:30 DEBUG 33278 --- [student] [           main] org.hibernate.type.BasicTypeRegistry     : Adding type registration java.lang.Short -> org.hibernate.type.BasicTypeReference@20864cd1
2024-07-24T13:41:02.011+05:30 DEBUG 33278 --- [student] [           main] org.hibernate.type.BasicTypeRegistry     : Adding type registration integer -> org.hibernate.type.BasicTypeReference@5c839677
2024-07-24T13:41:02.011+05:30 DEBUG 33278 --- [student] [           main] org.hibernate.type.BasicTypeRegistry     : Adding type registration int -> org.hibernate.type.BasicTypeReference@5c839677
2024-07-24T13:41:02.011+05:30 DEBUG 33278 --- [student] [           main] org.hibernate.type.BasicTypeRegistry     : Adding type registration java.lang.Integer -> org.hibernate.type.BasicTypeReference@5c839677
2024-07-24T13:41:02.011+05:30 DEBUG 33278 --- [student] [           main] org.hibernate.type.BasicTypeRegistry     : Adding type registration long -> org.hibernate.type.BasicTypeReference@3193e21d
2024-07-24T13:41:02.011+05:30 DEBUG 33278 --- [student] [           main] org.hibernate.type.BasicTypeRegistry     : Adding type registration long -> org.hibernate.type.BasicTypeReference@3193e21d
2024-07-24T13:41:02.012+05:30 DEBUG 33278 --- [student] [           main] org.hibernate.type.BasicTypeRegistry     : Adding type registration java.lang.Long -> org.hibernate.type.BasicTypeReference@3193e21d
2024-07-24T13:41:02.012+05:30 DEBUG 33278 --- [student] [           main] org.hibernate.type.BasicTypeRegistry     : Adding type registration float -> org.hibernate.type.BasicTypeReference@79604abe
2024-07-24T13:41:02.012+05:30 DEBUG 33278 --- [student] [           main] org.hibernate.type.BasicTypeRegistry     : Adding type registration float -> org.hibernate.type.BasicTypeReference@79604abe
2024-07-24T13:41:02.012+05:30 DEBUG 33278 --- [student] [           main] org.hibernate.type.BasicTypeRegistry     : Adding type registration java.lang.Float -> org.hibernate.type.BasicTypeReference@79604abe
2024-07-24T13:41:02.012+05:30 DEBUG 33278 --- [student] [           main] org.hibernate.type.BasicTypeRegistry     : Adding type registration double -> org.hibernate.type.BasicTypeReference@6b126187
2024-07-24T13:41:02.012+05:30 DEBUG 33278 --- [student] [           main] org.hibernate.type.BasicTypeRegistry     : Adding type registration double -> org.hibernate.type.BasicTypeReference@6b126187
2024-07-24T13:41:02.013+05:30 DEBUG 33278 --- [student] [           main] org.hibernate.type.BasicTypeRegistry     : Adding type registration java.lang.Double -> org.hibernate.type.BasicTypeReference@6b126187
2024-07-24T13:41:02.013+05:30 DEBUG 33278 --- [student] [           main] org.hibernate.type.BasicTypeRegistry     : Adding type registration big_integer -> org.hibernate.type.BasicTypeReference@2b6262bc
2024-07-24T13:41:02.013+05:30 DEBUG 33278 --- [student] [           main] org.hibernate.type.BasicTypeRegistry     : Adding type registration java.math.BigInteger -> org.hibernate.type.BasicTypeReference@2b6262bc
2024-07-24T13:41:02.013+05:30 DEBUG 33278 --- [student] [           main] org.hibernate.type.BasicTypeRegistry     : Adding type registration big_decimal -> org.hibernate.type.BasicTypeReference@5cffec7
2024-07-24T13:41:02.014+05:30 DEBUG 33278 --- [student] [           main] org.hibernate.type.BasicTypeRegistry     : Adding type registration java.math.BigDecimal -> org.hibernate.type.BasicTypeReference@5cffec7
2024-07-24T13:41:02.014+05:30 DEBUG 33278 --- [student] [           main] org.hibernate.type.BasicTypeRegistry     : Adding type registration character -> org.hibernate.type.BasicTypeReference@7e81617a
2024-07-24T13:41:02.014+05:30 DEBUG 33278 --- [student] [           main] org.hibernate.type.BasicTypeRegistry     : Adding type registration char -> org.hibernate.type.BasicTypeReference@7e81617a
2024-07-24T13:41:02.014+05:30 DEBUG 33278 --- [student] [           main] org.hibernate.type.BasicTypeRegistry     : Adding type registration java.lang.Character -> org.hibernate.type.BasicTypeReference@7e81617a
2024-07-24T13:41:02.014+05:30 DEBUG 33278 --- [student] [           main] org.hibernate.type.BasicTypeRegistry     : Adding type registration character_nchar -> org.hibernate.type.BasicTypeReference@6e73974
2024-07-24T13:41:02.014+05:30 DEBUG 33278 --- [student] [           main] org.hibernate.type.BasicTypeRegistry     : Adding type registration string -> org.hibernate.type.BasicTypeReference@3e28dc96
2024-07-24T13:41:02.015+05:30 DEBUG 33278 --- [student] [           main] org.hibernate.type.BasicTypeRegistry     : Adding type registration java.lang.String -> org.hibernate.type.BasicTypeReference@3e28dc96
2024-07-24T13:41:02.015+05:30 DEBUG 33278 --- [student] [           main] org.hibernate.type.BasicTypeRegistry     : Adding type registration nstring -> org.hibernate.type.BasicTypeReference@44eb2452
2024-07-24T13:41:02.015+05:30 DEBUG 33278 --- [student] [           main] org.hibernate.type.BasicTypeRegistry     : Adding type registration characters -> org.hibernate.type.BasicTypeReference@31940704
2024-07-24T13:41:02.015+05:30 DEBUG 33278 --- [student] [           main] org.hibernate.type.BasicTypeRegistry     : Adding type registration char[] -> org.hibernate.type.BasicTypeReference@31940704
2024-07-24T13:41:02.016+05:30 DEBUG 33278 --- [student] [           main] org.hibernate.type.BasicTypeRegistry     : Adding type registration [C -> org.hibernate.type.BasicTypeReference@31940704
2024-07-24T13:41:02.016+05:30 DEBUG 33278 --- [student] [           main] org.hibernate.type.BasicTypeRegistry     : Adding type registration wrapper-characters -> org.hibernate.type.BasicTypeReference@e07b4db
2024-07-24T13:41:02.016+05:30 DEBUG 33278 --- [student] [           main] org.hibernate.type.BasicTypeRegistry     : Adding type registration text -> org.hibernate.type.BasicTypeReference@76b305e1
2024-07-24T13:41:02.016+05:30 DEBUG 33278 --- [student] [           main] org.hibernate.type.BasicTypeRegistry     : Adding type registration ntext -> org.hibernate.type.BasicTypeReference@6be766d1
2024-07-24T13:41:02.016+05:30 DEBUG 33278 --- [student] [           main] org.hibernate.type.BasicTypeRegistry     : Adding type registration clob -> org.hibernate.type.BasicTypeReference@7adae08e
2024-07-24T13:41:02.016+05:30 DEBUG 33278 --- [student] [           main] org.hibernate.type.BasicTypeRegistry     : Adding type registration java.sql.Clob -> org.hibernate.type.BasicTypeReference@7adae08e
2024-07-24T13:41:02.016+05:30 DEBUG 33278 --- [student] [           main] org.hibernate.type.BasicTypeRegistry     : Adding type registration nclob -> org.hibernate.type.BasicTypeReference@49c83262
2024-07-24T13:41:02.017+05:30 DEBUG 33278 --- [student] [           main] org.hibernate.type.BasicTypeRegistry     : Adding type registration java.sql.NClob -> org.hibernate.type.BasicTypeReference@49c83262
2024-07-24T13:41:02.017+05:30 DEBUG 33278 --- [student] [           main] org.hibernate.type.BasicTypeRegistry     : Adding type registration materialized_clob -> org.hibernate.type.BasicTypeReference@273aaab7
2024-07-24T13:41:02.017+05:30 DEBUG 33278 --- [student] [           main] org.hibernate.type.BasicTypeRegistry     : Adding type registration materialized_clob_char_array -> org.hibernate.type.BasicTypeReference@77bb916f
2024-07-24T13:41:02.017+05:30 DEBUG 33278 --- [student] [           main] org.hibernate.type.BasicTypeRegistry     : Adding type registration materialized_clob_character_array -> org.hibernate.type.BasicTypeReference@5a48d186
2024-07-24T13:41:02.017+05:30 DEBUG 33278 --- [student] [           main] org.hibernate.type.BasicTypeRegistry     : Adding type registration materialized_nclob -> org.hibernate.type.BasicTypeReference@521ba38f
2024-07-24T13:41:02.017+05:30 DEBUG 33278 --- [student] [           main] org.hibernate.type.BasicTypeRegistry     : Adding type registration materialized_nclob_character_array -> org.hibernate.type.BasicTypeReference@2086d469
2024-07-24T13:41:02.017+05:30 DEBUG 33278 --- [student] [           main] org.hibernate.type.BasicTypeRegistry     : Adding type registration materialized_nclob_char_array -> org.hibernate.type.BasicTypeReference@b1d19ff
2024-07-24T13:41:02.018+05:30 DEBUG 33278 --- [student] [           main] org.hibernate.type.BasicTypeRegistry     : Adding type registration Duration -> org.hibernate.type.BasicTypeReference@17c53dfb
2024-07-24T13:41:02.018+05:30 DEBUG 33278 --- [student] [           main] org.hibernate.type.BasicTypeRegistry     : Adding type registration java.time.Duration -> org.hibernate.type.BasicTypeReference@17c53dfb
2024-07-24T13:41:02.018+05:30 DEBUG 33278 --- [student] [           main] org.hibernate.type.BasicTypeRegistry     : Adding type registration LocalDateTime -> org.hibernate.type.BasicTypeReference@184de357
2024-07-24T13:41:02.018+05:30 DEBUG 33278 --- [student] [           main] org.hibernate.type.BasicTypeRegistry     : Adding type registration java.time.LocalDateTime -> org.hibernate.type.BasicTypeReference@184de357
2024-07-24T13:41:02.018+05:30 DEBUG 33278 --- [student] [           main] org.hibernate.type.BasicTypeRegistry     : Adding type registration LocalDate -> org.hibernate.type.BasicTypeReference@efe49ab
2024-07-24T13:41:02.018+05:30 DEBUG 33278 --- [student] [           main] org.hibernate.type.BasicTypeRegistry     : Adding type registration java.time.LocalDate -> org.hibernate.type.BasicTypeReference@efe49ab
2024-07-24T13:41:02.019+05:30 DEBUG 33278 --- [student] [           main] org.hibernate.type.BasicTypeRegistry     : Adding type registration LocalTime -> org.hibernate.type.BasicTypeReference@6dcf7b6a
2024-07-24T13:41:02.019+05:30 DEBUG 33278 --- [student] [           main] org.hibernate.type.BasicTypeRegistry     : Adding type registration java.time.LocalTime -> org.hibernate.type.BasicTypeReference@6dcf7b6a
2024-07-24T13:41:02.019+05:30 DEBUG 33278 --- [student] [           main] org.hibernate.type.BasicTypeRegistry     : Adding type registration OffsetDateTime -> org.hibernate.type.BasicTypeReference@53dba9cd
2024-07-24T13:41:02.019+05:30 DEBUG 33278 --- [student] [           main] org.hibernate.type.BasicTypeRegistry     : Adding type registration java.time.OffsetDateTime -> org.hibernate.type.BasicTypeReference@53dba9cd
2024-07-24T13:41:02.019+05:30 DEBUG 33278 --- [student] [           main] org.hibernate.type.BasicTypeRegistry     : Adding type registration OffsetDateTimeWithTimezone -> org.hibernate.type.BasicTypeReference@247bbfba
2024-07-24T13:41:02.020+05:30 DEBUG 33278 --- [student] [           main] org.hibernate.type.BasicTypeRegistry     : Adding type registration OffsetDateTimeWithoutTimezone -> org.hibernate.type.BasicTypeReference@5834198f
2024-07-24T13:41:02.020+05:30 DEBUG 33278 --- [student] [           main] org.hibernate.type.BasicTypeRegistry     : Adding type registration OffsetTime -> org.hibernate.type.BasicTypeReference@4eb63dc8
2024-07-24T13:41:02.020+05:30 DEBUG 33278 --- [student] [           main] org.hibernate.type.BasicTypeRegistry     : Adding type registration java.time.OffsetTime -> org.hibernate.type.BasicTypeReference@4eb63dc8
2024-07-24T13:41:02.020+05:30 DEBUG 33278 --- [student] [           main] org.hibernate.type.BasicTypeRegistry     : Adding type registration OffsetTimeUtc -> org.hibernate.type.BasicTypeReference@402d6012
2024-07-24T13:41:02.020+05:30 DEBUG 33278 --- [student] [           main] org.hibernate.type.BasicTypeRegistry     : Adding type registration OffsetTimeWithTimezone -> org.hibernate.type.BasicTypeReference@395281c2
2024-07-24T13:41:02.020+05:30 DEBUG 33278 --- [student] [           main] org.hibernate.type.BasicTypeRegistry     : Adding type registration OffsetTimeWithoutTimezone -> org.hibernate.type.BasicTypeReference@41d20f06
2024-07-24T13:41:02.020+05:30 DEBUG 33278 --- [student] [           main] org.hibernate.type.BasicTypeRegistry     : Adding type registration ZonedDateTime -> org.hibernate.type.BasicTypeReference@3e753289
2024-07-24T13:41:02.020+05:30 DEBUG 33278 --- [student] [           main] org.hibernate.type.BasicTypeRegistry     : Adding type registration java.time.ZonedDateTime -> org.hibernate.type.BasicTypeReference@3e753289
2024-07-24T13:41:02.021+05:30 DEBUG 33278 --- [student] [           main] org.hibernate.type.BasicTypeRegistry     : Adding type registration ZonedDateTimeWithTimezone -> org.hibernate.type.BasicTypeReference@1573e8a5
2024-07-24T13:41:02.021+05:30 DEBUG 33278 --- [student] [           main] org.hibernate.type.BasicTypeRegistry     : Adding type registration ZonedDateTimeWithoutTimezone -> org.hibernate.type.BasicTypeReference@38022758
2024-07-24T13:41:02.021+05:30 DEBUG 33278 --- [student] [           main] org.hibernate.type.BasicTypeRegistry     : Adding type registration date -> org.hibernate.type.BasicTypeReference@69f9b561
2024-07-24T13:41:02.021+05:30 DEBUG 33278 --- [student] [           main] org.hibernate.type.BasicTypeRegistry     : Adding type registration java.sql.Date -> org.hibernate.type.BasicTypeReference@69f9b561
2024-07-24T13:41:02.021+05:30 DEBUG 33278 --- [student] [           main] org.hibernate.type.BasicTypeRegistry     : Adding type registration time -> org.hibernate.type.BasicTypeReference@7e8f23ad
2024-07-24T13:41:02.021+05:30 DEBUG 33278 --- [student] [           main] org.hibernate.type.BasicTypeRegistry     : Adding type registration java.sql.Time -> org.hibernate.type.BasicTypeReference@7e8f23ad
2024-07-24T13:41:02.022+05:30 DEBUG 33278 --- [student] [           main] org.hibernate.type.BasicTypeRegistry     : Adding type registration timestamp -> org.hibernate.type.BasicTypeReference@7433ca19
2024-07-24T13:41:02.022+05:30 DEBUG 33278 --- [student] [           main] org.hibernate.type.BasicTypeRegistry     : Adding type registration java.sql.Timestamp -> org.hibernate.type.BasicTypeReference@7433ca19
2024-07-24T13:41:02.022+05:30 DEBUG 33278 --- [student] [           main] org.hibernate.type.BasicTypeRegistry     : Adding type registration java.util.Date -> org.hibernate.type.BasicTypeReference@7433ca19
2024-07-24T13:41:02.022+05:30 DEBUG 33278 --- [student] [           main] org.hibernate.type.BasicTypeRegistry     : Adding type registration calendar -> org.hibernate.type.BasicTypeReference@5d221b20
2024-07-24T13:41:02.022+05:30 DEBUG 33278 --- [student] [           main] org.hibernate.type.BasicTypeRegistry     : Adding type registration java.util.Calendar -> org.hibernate.type.BasicTypeReference@5d221b20
2024-07-24T13:41:02.022+05:30 DEBUG 33278 --- [student] [           main] org.hibernate.type.BasicTypeRegistry     : Adding type registration java.util.GregorianCalendar -> org.hibernate.type.BasicTypeReference@5d221b20
2024-07-24T13:41:02.023+05:30 DEBUG 33278 --- [student] [           main] org.hibernate.type.BasicTypeRegistry     : Adding type registration calendar_date -> org.hibernate.type.BasicTypeReference@79d4ff58
2024-07-24T13:41:02.023+05:30 DEBUG 33278 --- [student] [           main] org.hibernate.type.BasicTypeRegistry     : Adding type registration calendar_time -> org.hibernate.type.BasicTypeReference@7ec13984
2024-07-24T13:41:02.023+05:30 DEBUG 33278 --- [student] [           main] org.hibernate.type.BasicTypeRegistry     : Adding type registration instant -> org.hibernate.type.BasicTypeReference@14485747
2024-07-24T13:41:02.023+05:30 DEBUG 33278 --- [student] [           main] org.hibernate.type.BasicTypeRegistry     : Adding type registration java.time.Instant -> org.hibernate.type.BasicTypeReference@14485747
2024-07-24T13:41:02.023+05:30 DEBUG 33278 --- [student] [           main] org.hibernate.type.BasicTypeRegistry     : Adding type registration uuid -> org.hibernate.type.BasicTypeReference@59fea5f5
2024-07-24T13:41:02.023+05:30 DEBUG 33278 --- [student] [           main] org.hibernate.type.BasicTypeRegistry     : Adding type registration java.util.UUID -> org.hibernate.type.BasicTypeReference@59fea5f5
2024-07-24T13:41:02.024+05:30 DEBUG 33278 --- [student] [           main] org.hibernate.type.BasicTypeRegistry     : Adding type registration pg-uuid -> org.hibernate.type.BasicTypeReference@59fea5f5
2024-07-24T13:41:02.024+05:30 DEBUG 33278 --- [student] [           main] org.hibernate.type.BasicTypeRegistry     : Adding type registration uuid-binary -> org.hibernate.type.BasicTypeReference@78eafad
2024-07-24T13:41:02.024+05:30 DEBUG 33278 --- [student] [           main] org.hibernate.type.BasicTypeRegistry     : Adding type registration uuid-char -> org.hibernate.type.BasicTypeReference@70f4abc1
2024-07-24T13:41:02.024+05:30 DEBUG 33278 --- [student] [           main] org.hibernate.type.BasicTypeRegistry     : Adding type registration class -> org.hibernate.type.BasicTypeReference@26d028f7
2024-07-24T13:41:02.024+05:30 DEBUG 33278 --- [student] [           main] org.hibernate.type.BasicTypeRegistry     : Adding type registration java.lang.Class -> org.hibernate.type.BasicTypeReference@26d028f7
2024-07-24T13:41:02.025+05:30 DEBUG 33278 --- [student] [           main] org.hibernate.type.BasicTypeRegistry     : Adding type registration currency -> org.hibernate.type.BasicTypeReference@a2df0d5
2024-07-24T13:41:02.025+05:30 DEBUG 33278 --- [student] [           main] org.hibernate.type.BasicTypeRegistry     : Adding type registration Currency -> org.hibernate.type.BasicTypeReference@a2df0d5
2024-07-24T13:41:02.025+05:30 DEBUG 33278 --- [student] [           main] org.hibernate.type.BasicTypeRegistry     : Adding type registration java.util.Currency -> org.hibernate.type.BasicTypeReference@a2df0d5
2024-07-24T13:41:02.025+05:30 DEBUG 33278 --- [student] [           main] org.hibernate.type.BasicTypeRegistry     : Adding type registration locale -> org.hibernate.type.BasicTypeReference@782cc5fa
2024-07-24T13:41:02.026+05:30 DEBUG 33278 --- [student] [           main] org.hibernate.type.BasicTypeRegistry     : Adding type registration java.util.Locale -> org.hibernate.type.BasicTypeReference@782cc5fa
2024-07-24T13:41:02.026+05:30 DEBUG 33278 --- [student] [           main] org.hibernate.type.BasicTypeRegistry     : Adding type registration serializable -> org.hibernate.type.BasicTypeReference@2dd3d39d
2024-07-24T13:41:02.026+05:30 DEBUG 33278 --- [student] [           main] org.hibernate.type.BasicTypeRegistry     : Adding type registration java.io.Serializable -> org.hibernate.type.BasicTypeReference@2dd3d39d
2024-07-24T13:41:02.026+05:30 DEBUG 33278 --- [student] [           main] org.hibernate.type.BasicTypeRegistry     : Adding type registration timezone -> org.hibernate.type.BasicTypeReference@ae3c140
2024-07-24T13:41:02.027+05:30 DEBUG 33278 --- [student] [           main] org.hibernate.type.BasicTypeRegistry     : Adding type registration java.util.TimeZone -> org.hibernate.type.BasicTypeReference@ae3c140
2024-07-24T13:41:02.027+05:30 DEBUG 33278 --- [student] [           main] org.hibernate.type.BasicTypeRegistry     : Adding type registration ZoneOffset -> org.hibernate.type.BasicTypeReference@6f2d3391
2024-07-24T13:41:02.027+05:30 DEBUG 33278 --- [student] [           main] org.hibernate.type.BasicTypeRegistry     : Adding type registration java.time.ZoneOffset -> org.hibernate.type.BasicTypeReference@6f2d3391
2024-07-24T13:41:02.027+05:30 DEBUG 33278 --- [student] [           main] org.hibernate.type.BasicTypeRegistry     : Adding type registration url -> org.hibernate.type.BasicTypeReference@71b0289b
2024-07-24T13:41:02.027+05:30 DEBUG 33278 --- [student] [           main] org.hibernate.type.BasicTypeRegistry     : Adding type registration java.net.URL -> org.hibernate.type.BasicTypeReference@71b0289b
2024-07-24T13:41:02.028+05:30 DEBUG 33278 --- [student] [           main] org.hibernate.type.BasicTypeRegistry     : Adding type registration vector -> org.hibernate.type.BasicTypeReference@42cc420b
2024-07-24T13:41:02.028+05:30 DEBUG 33278 --- [student] [           main] org.hibernate.type.BasicTypeRegistry     : Adding type registration row_version -> org.hibernate.type.BasicTypeReference@563172d3
2024-07-24T13:41:02.035+05:30 DEBUG 33278 --- [student] [           main] org.hibernate.type.BasicTypeRegistry     : Adding type registration object -> org.hibernate.type.JavaObjectType@64ec1459
2024-07-24T13:41:02.035+05:30 DEBUG 33278 --- [student] [           main] org.hibernate.type.BasicTypeRegistry     : Adding type registration java.lang.Object -> org.hibernate.type.JavaObjectType@64ec1459
2024-07-24T13:41:02.037+05:30 DEBUG 33278 --- [student] [           main] org.hibernate.type.BasicTypeRegistry     : Adding type registration null -> org.hibernate.type.NullType@46c662f2
2024-07-24T13:41:02.038+05:30 DEBUG 33278 --- [student] [           main] org.hibernate.type.BasicTypeRegistry     : Adding type registration imm_date -> org.hibernate.type.BasicTypeReference@4afdfc0f
2024-07-24T13:41:02.039+05:30 DEBUG 33278 --- [student] [           main] org.hibernate.type.BasicTypeRegistry     : Adding type registration imm_time -> org.hibernate.type.BasicTypeReference@30798137
2024-07-24T13:41:02.039+05:30 DEBUG 33278 --- [student] [           main] org.hibernate.type.BasicTypeRegistry     : Adding type registration imm_timestamp -> org.hibernate.type.BasicTypeReference@455da438
2024-07-24T13:41:02.039+05:30 DEBUG 33278 --- [student] [           main] org.hibernate.type.BasicTypeRegistry     : Adding type registration imm_calendar -> org.hibernate.type.BasicTypeReference@60652518
2024-07-24T13:41:02.039+05:30 DEBUG 33278 --- [student] [           main] org.hibernate.type.BasicTypeRegistry     : Adding type registration imm_calendar_date -> org.hibernate.type.BasicTypeReference@438aaa9f
2024-07-24T13:41:02.039+05:30 DEBUG 33278 --- [student] [           main] org.hibernate.type.BasicTypeRegistry     : Adding type registration imm_calendar_time -> org.hibernate.type.BasicTypeReference@3f06ebe0
2024-07-24T13:41:02.039+05:30 DEBUG 33278 --- [student] [           main] org.hibernate.type.BasicTypeRegistry     : Adding type registration imm_binary -> org.hibernate.type.BasicTypeReference@1752e45c
2024-07-24T13:41:02.040+05:30 DEBUG 33278 --- [student] [           main] org.hibernate.type.BasicTypeRegistry     : Adding type registration imm_serializable -> org.hibernate.type.BasicTypeReference@5ed65e4b
2024-07-24T13:41:02.273+05:30  INFO 33278 --- [student] [           main] o.s.o.j.p.SpringPersistenceUnitInfo      : No LoadTimeWeaver setup: ignoring JPA class transformer
2024-07-24T13:41:02.310+05:30  INFO 33278 --- [student] [           main] com.zaxxer.hikari.HikariDataSource       : HikariPool-1 - Starting...
2024-07-24T13:41:02.813+05:30  INFO 33278 --- [student] [           main] com.zaxxer.hikari.pool.HikariPool        : HikariPool-1 - Added connection com.mysql.cj.jdbc.ConnectionImpl@74eab077
2024-07-24T13:41:02.815+05:30  INFO 33278 --- [student] [           main] com.zaxxer.hikari.HikariDataSource       : HikariPool-1 - Start completed.
2024-07-24T13:41:02.982+05:30 DEBUG 33278 --- [student] [           main] o.h.t.d.sql.spi.DdlTypeRegistry          : addDescriptor(12, org.hibernate.type.descriptor.sql.internal.CapacityDependentDdlType@5f781173) replaced previous registration(org.hibernate.type.descriptor.sql.internal.CapacityDependentDdlType@43cf5bff)
2024-07-24T13:41:02.983+05:30 DEBUG 33278 --- [student] [           main] o.h.t.d.sql.spi.DdlTypeRegistry          : addDescriptor(-9, org.hibernate.type.descriptor.sql.internal.CapacityDependentDdlType@2b464384) replaced previous registration(org.hibernate.type.descriptor.sql.internal.CapacityDependentDdlType@681b42d3)
2024-07-24T13:41:02.983+05:30 DEBUG 33278 --- [student] [           main] o.h.t.d.sql.spi.DdlTypeRegistry          : addDescriptor(-3, org.hibernate.type.descriptor.sql.internal.CapacityDependentDdlType@77f7352a) replaced previous registration(org.hibernate.type.descriptor.sql.internal.CapacityDependentDdlType@4ede8888)
2024-07-24T13:41:02.983+05:30 DEBUG 33278 --- [student] [           main] o.h.t.d.sql.spi.DdlTypeRegistry          : addDescriptor(4003, org.hibernate.type.descriptor.sql.internal.DdlTypeImpl@571db8b4) replaced previous registration(org.hibernate.type.descriptor.sql.internal.DdlTypeImpl@65a2755e)
2024-07-24T13:41:02.984+05:30 DEBUG 33278 --- [student] [           main] o.h.t.d.sql.spi.DdlTypeRegistry          : addDescriptor(4001, org.hibernate.type.descriptor.sql.internal.DdlTypeImpl@2b3242a5) replaced previous registration(org.hibernate.type.descriptor.sql.internal.DdlTypeImpl@11120583)
2024-07-24T13:41:02.984+05:30 DEBUG 33278 --- [student] [           main] o.h.t.d.sql.spi.DdlTypeRegistry          : addDescriptor(4002, org.hibernate.type.descriptor.sql.internal.DdlTypeImpl@2bf0c70d) replaced previous registration(org.hibernate.type.descriptor.sql.internal.DdlTypeImpl@5d8e4fa8)
2024-07-24T13:41:02.984+05:30 DEBUG 33278 --- [student] [           main] o.h.t.d.sql.spi.DdlTypeRegistry          : addDescriptor(2004, org.hibernate.type.descriptor.sql.internal.CapacityDependentDdlType@649009d6) replaced previous registration(org.hibernate.type.descriptor.sql.internal.DdlTypeImpl@652f26da)
2024-07-24T13:41:02.984+05:30 DEBUG 33278 --- [student] [           main] o.h.t.d.sql.spi.DdlTypeRegistry          : addDescriptor(2005, org.hibernate.type.descriptor.sql.internal.CapacityDependentDdlType@484a5ddd) replaced previous registration(org.hibernate.type.descriptor.sql.internal.DdlTypeImpl@6796a873)
2024-07-24T13:41:02.984+05:30 DEBUG 33278 --- [student] [           main] o.h.t.d.sql.spi.DdlTypeRegistry          : addDescriptor(2011, org.hibernate.type.descriptor.sql.internal.CapacityDependentDdlType@3acc3ee) replaced previous registration(org.hibernate.type.descriptor.sql.internal.DdlTypeImpl@1f293cb7)
2024-07-24T13:41:02.986+05:30 DEBUG 33278 --- [student] [           main] o.h.t.d.jdbc.spi.JdbcTypeRegistry        : addDescriptor(NCharTypeDescriptor) replaced previous registration(CharTypeDescriptor)
2024-07-24T13:41:02.986+05:30 DEBUG 33278 --- [student] [           main] o.h.t.d.jdbc.spi.JdbcTypeRegistry        : addDescriptor(NVarcharTypeDescriptor) replaced previous registration(VarcharTypeDescriptor)
2024-07-24T13:41:02.986+05:30 DEBUG 33278 --- [student] [           main] o.h.t.d.jdbc.spi.JdbcTypeRegistry        : addDescriptor(LongNVarcharTypeDescriptor) replaced previous registration(LongVarcharTypeDescriptor)
2024-07-24T13:41:02.989+05:30 DEBUG 33278 --- [student] [           main] o.h.t.d.jdbc.spi.JdbcTypeRegistry        : addDescriptor(NClobTypeDescriptor(DEFAULT)) replaced previous registration(ClobTypeDescriptor(DEFAULT))
2024-07-24T13:41:02.989+05:30 DEBUG 33278 --- [student] [           main] o.h.t.d.jdbc.spi.JdbcTypeRegistry        : addDescriptor(2005, ClobTypeDescriptor(STREAM_BINDING)) replaced previous registration(ClobTypeDescriptor(DEFAULT))
2024-07-24T13:41:02.997+05:30 DEBUG 33278 --- [student] [           main] org.hibernate.type.BasicTypeRegistry     : Adding type registration null -> org.hibernate.type.NullType@18f8ebd4
2024-07-24T13:41:02.997+05:30 DEBUG 33278 --- [student] [           main] org.hibernate.type.BasicTypeRegistry     : Type registration key [null] overrode previous entry : `org.hibernate.type.NullType@46c662f2`
2024-07-24T13:41:03.003+05:30 DEBUG 33278 --- [student] [           main] org.hibernate.type.BasicTypeRegistry     : Adding type registration org.hibernate.type.DurationType -> basicType@1(java.time.Duration,3015)
2024-07-24T13:41:03.003+05:30 DEBUG 33278 --- [student] [           main] org.hibernate.type.BasicTypeRegistry     : Adding type registration Duration -> basicType@1(java.time.Duration,3015)
2024-07-24T13:41:03.003+05:30 DEBUG 33278 --- [student] [           main] org.hibernate.type.BasicTypeRegistry     : Adding type registration java.time.Duration -> basicType@1(java.time.Duration,3015)
2024-07-24T13:41:03.007+05:30 DEBUG 33278 --- [student] [           main] org.hibernate.type.BasicTypeRegistry     : Adding type registration org.hibernate.type.OffsetDateTimeType -> basicType@2(java.time.OffsetDateTime,3003)
2024-07-24T13:41:03.008+05:30 DEBUG 33278 --- [student] [           main] org.hibernate.type.BasicTypeRegistry     : Adding type registration OffsetDateTime -> basicType@2(java.time.OffsetDateTime,3003)
2024-07-24T13:41:03.008+05:30 DEBUG 33278 --- [student] [           main] org.hibernate.type.BasicTypeRegistry     : Adding type registration java.time.OffsetDateTime -> basicType@2(java.time.OffsetDateTime,3003)
2024-07-24T13:41:03.008+05:30 DEBUG 33278 --- [student] [           main] org.hibernate.type.BasicTypeRegistry     : Adding type registration org.hibernate.type.ZonedDateTimeType -> basicType@3(java.time.ZonedDateTime,3003)
2024-07-24T13:41:03.008+05:30 DEBUG 33278 --- [student] [           main] org.hibernate.type.BasicTypeRegistry     : Adding type registration ZonedDateTime -> basicType@3(java.time.ZonedDateTime,3003)
2024-07-24T13:41:03.008+05:30 DEBUG 33278 --- [student] [           main] org.hibernate.type.BasicTypeRegistry     : Adding type registration java.time.ZonedDateTime -> basicType@3(java.time.ZonedDateTime,3003)
2024-07-24T13:41:03.009+05:30 DEBUG 33278 --- [student] [           main] org.hibernate.type.BasicTypeRegistry     : Adding type registration org.hibernate.type.OffsetTimeType -> basicType@4(java.time.OffsetTime,3007)
2024-07-24T13:41:03.009+05:30 DEBUG 33278 --- [student] [           main] org.hibernate.type.BasicTypeRegistry     : Adding type registration OffsetTime -> basicType@4(java.time.OffsetTime,3007)
2024-07-24T13:41:03.009+05:30 DEBUG 33278 --- [student] [           main] org.hibernate.type.BasicTypeRegistry     : Adding type registration java.time.OffsetTime -> basicType@4(java.time.OffsetTime,3007)
2024-07-24T13:41:03.010+05:30 DEBUG 33278 --- [student] [           main] o.h.type.spi.TypeConfiguration$Scope     : Scoping TypeConfiguration [org.hibernate.type.spi.TypeConfiguration@6b5e1fc5] to MetadataBuildingContext [org.hibernate.boot.internal.MetadataBuildingContextRootImpl@47ffa248]
2024-07-24T13:41:03.968+05:30  INFO 33278 --- [student] [           main] o.h.e.t.j.p.i.JtaPlatformInitiator       : HHH000489: No JTA platform available (set 'hibernate.transaction.jta.platform' to enable JTA platform integration)
2024-07-24T13:41:03.969+05:30 DEBUG 33278 --- [student] [           main] o.h.type.spi.TypeConfiguration$Scope     : Scoping TypeConfiguration [org.hibernate.type.spi.TypeConfiguration@6b5e1fc5] to SessionFactoryImplementor [org.hibernate.internal.SessionFactoryImpl@76ebd595]
2024-07-24T13:41:04.037+05:30 TRACE 33278 --- [student] [           main] o.h.type.spi.TypeConfiguration$Scope     : Handling #sessionFactoryCreated from [org.hibernate.internal.SessionFactoryImpl@76ebd595] for TypeConfiguration
2024-07-24T13:41:04.037+05:30  INFO 33278 --- [student] [           main] j.LocalContainerEntityManagerFactoryBean : Initialized JPA EntityManagerFactory for persistence unit 'default'
2024-07-24T13:41:04.260+05:30 DEBUG 33278 --- [student] [           main] o.h.stat.internal.StatisticsInitiator    : Statistics initialized [enabled=false]
2024-07-24T13:41:04.787+05:30  WARN 33278 --- [student] [           main] JpaBaseConfiguration$JpaWebConfiguration : spring.jpa.open-in-view is enabled by default. Therefore, database queries may be performed during view rendering. Explicitly configure spring.jpa.open-in-view to disable this warning
2024-07-24T13:41:06.167+05:30  INFO 33278 --- [student] [           main] o.s.b.a.e.web.EndpointLinksResolver      : Exposing 1 endpoint(s) beneath base path '/actuator'
2024-07-24T13:41:06.267+05:30  INFO 33278 --- [student] [           main] c.demo.student.StudentApplicationTests   : Started StudentApplicationTests in 7.498 seconds (process running for 8.863)
]]></system-out>
    <system-err><![CDATA[WARNING: A Java agent has been loaded dynamically (/Users/s.kumar.shivaswamyaccenture.com/.m2/repository/net/bytebuddy/byte-buddy-agent/1.14.12/byte-buddy-agent-1.14.12.jar)
WARNING: If a serviceability tool is in use, please run with -XX:+EnableDynamicAgentLoading to hide this warning
WARNING: If a serviceability tool is not in use, please run with -Djdk.instrument.traceUsage for more information
WARNING: Dynamic loading of agents will be disallowed by default in a future release
]]></system-err>
  </testcase>
</testsuite>